[debug] [2022-09-13T14:04:18.872Z] ----------------------------------------------------------------------
[debug] [2022-09-13T14:04:18.874Z] Command:       C:\Program Files\nodejs\node.exe C:\Users\nfaraguna\AppData\Roaming\npm\node_modules\firebase-tools\lib\bin\firebase.js init
[debug] [2022-09-13T14:04:18.875Z] CLI Version:   11.7.0
[debug] [2022-09-13T14:04:18.875Z] Platform:      win32
[debug] [2022-09-13T14:04:18.875Z] Node Version:  v16.15.1
[debug] [2022-09-13T14:04:18.876Z] Time:          Tue Sep 13 2022 16:04:18 GMT+0200 (srednjoeuropsko ljetno vrijeme)
[debug] [2022-09-13T14:04:18.876Z] ----------------------------------------------------------------------
[debug] 
[debug] [2022-09-13T14:04:18.880Z] >>> [apiv2][query] GET https://firebase-public.firebaseio.com/cli.json [none]
[debug] [2022-09-13T14:04:18.958Z] > command requires scopes: ["email","openid","https://www.googleapis.com/auth/cloudplatformprojects.readonly","https://www.googleapis.com/auth/firebase","https://www.googleapis.com/auth/cloud-platform"]
[debug] [2022-09-13T14:04:18.958Z] > authorizing via signed-in user (faragunanino@gmail.com)
[info] 
     ######## #### ########  ######## ########     ###     ######  ########
     ##        ##  ##     ## ##       ##     ##  ##   ##  ##       ##
     ######    ##  ########  ######   ########  #########  ######  ######
     ##        ##  ##    ##  ##       ##     ## ##     ##       ## ##
     ##       #### ##     ## ######## ########  ##     ##  ######  ########

You're about to initialize a Firebase project in this directory:

  C:\Users\nfaraguna\Documents\kombi_rent

Before we get started, keep in mind:

  * You are initializing within an existing Firebase project directory

[debug] [2022-09-13T14:04:19.320Z] <<< [apiv2][status] GET https://firebase-public.firebaseio.com/cli.json 200
[debug] [2022-09-13T14:04:19.321Z] <<< [apiv2][body] GET https://firebase-public.firebaseio.com/cli.json {"cloudBuildErrorAfter":1594252800000,"cloudBuildWarnAfter":1590019200000,"defaultNode10After":1594252800000,"minVersion":"3.0.5","node8DeploysDisabledAfter":1613390400000,"node8RuntimeDisabledAfter":1615809600000,"node8WarnAfter":1600128000000}
